<?xml version="1.0" encoding="UTF-8"?>
<!-- Generated by org.testng.reporters.JUnitReportReporter -->
<testsuite hostname="DESKTOP-07J22P1" failures="0" tests="1" name="com.comcast.crm.contacttest.Contacts_With_StratsDateAndEndDate" time="58.771" errors="0" timestamp="2024-05-16T13:53:25 IST" skipped="0">
  <testcase classname="com.comcast.crm.contacttest.Contacts_With_StratsDateAndEndDate" name="createContactWithStartDate" time="58.771"/>
  <system-out/>
</testsuite> <!-- com.comcast.crm.contacttest.Contacts_With_StratsDateAndEndDate -->
