<?xml version="1.0" encoding="UTF-8"?>
<!-- Generated by org.testng.reporters.JUnitReportReporter -->
<testsuite hostname="DESKTOP-07J22P1" failures="0" tests="1" name="practice.testng.SampleExtentReport" time="19.620" errors="0" timestamp="2024-05-18T14:49:42 IST" skipped="0">
  <testcase classname="practice.testng.SampleExtentReport" name="createExtentReports" time="19.620"/>
</testsuite> <!-- practice.testng.SampleExtentReport -->
