<?xml version="1.0" encoding="UTF-8"?>
<!-- Generated by org.testng.reporters.JUnitReportReporter -->
<testsuite hostname="DESKTOP-07J22P1" failures="0" tests="1" name="com.comcasr.crm.orgtest.DeleteOrgTest" time="89.394" errors="0" timestamp="2024-05-16T09:56:54 IST" skipped="0">
  <testcase classname="com.comcasr.crm.orgtest.DeleteOrgTest" name="deleteTest" time="89.394"/>
  <system-out/>
</testsuite> <!-- com.comcasr.crm.orgtest.DeleteOrgTest -->
