<?xml version="1.0" encoding="UTF-8"?>
<!-- Generated by org.testng.reporters.JUnitReportReporter -->
<testsuite hostname="DESKTOP-07J22P1" failures="0" tests="3" name="practiceComCast.createOrganizationsTest" time="181.658" errors="0" timestamp="2024-05-21T22:18:59 IST" skipped="0">
  <testcase classname="practiceComCast.createOrganizationsTest" name="createOrganizationTest" time="64.930"/>
  <testcase classname="practiceComCast.createOrganizationsTest" name="createOrganizationWithPhoneNoTest" time="59.596"/>
  <testcase classname="practiceComCast.createOrganizationsTest" name="createOrganizationWithDropDownTest" time="57.132"/>
</testsuite> <!-- practiceComCast.createOrganizationsTest -->
