<?xml version="1.0" encoding="UTF-8"?>
<!-- Generated by org.testng.reporters.JUnitReportReporter -->
<testsuite hostname="DESKTOP-07J22P1" failures="0" tests="1" name="practice.testng.SameTestScreenShot" time="17.780" errors="0" timestamp="2024-05-16T16:59:00 IST" skipped="0">
  <testcase classname="practice.testng.SameTestScreenShot" name="amazontest" time="17.780"/>
</testsuite> <!-- practice.testng.SameTestScreenShot -->
