<?xml version="1.0" encoding="UTF-8"?>
<!-- Generated by org.testng.reporters.JUnitReportReporter -->
<testsuite hostname="DESKTOP-07J22P1" failures="0" tests="1" name="com.comcast.crm.basetest.TTest" time="54.563" errors="0" timestamp="2024-05-10T17:54:03 IST" skipped="0">
  <testcase classname="com.comcast.crm.basetest.TTest" name="test" time="54.563"/>
  <system-out/>
</testsuite> <!-- com.comcast.crm.basetest.TTest -->
