<?xml version="1.0" encoding="UTF-8"?>
<!-- Generated by org.testng.reporters.JUnitReportReporter -->
<testsuite hostname="DESKTOP-07J22P1" failures="0" tests="1" name="com.comcast.crm.contacttest.CreateContactWithOrganizationTest" time="47.692" errors="0" timestamp="2024-05-22T20:59:45 IST" skipped="0">
  <testcase classname="com.comcast.crm.contacttest.CreateContactWithOrganizationTest" name="createContactsWithOrganizationTest" time="47.692"/>
</testsuite> <!-- com.comcast.crm.contacttest.CreateContactWithOrganizationTest -->
