<?xml version="1.0" encoding="UTF-8"?>
<!-- Generated by org.testng.reporters.JUnitReportReporter -->
<testsuite hostname="DESKTOP-07J22P1" failures="0" tests="1" name="com.comcasr.crm.orgtest.CreateOrganizationWithDropDownTest" time="61.342" errors="0" timestamp="2024-05-18T16:46:34 IST" skipped="0">
  <testcase classname="com.comcasr.crm.orgtest.CreateOrganizationWithDropDownTest" name="createOrganizationWithDropDownTest" time="61.342"/>
</testsuite> <!-- com.comcasr.crm.orgtest.CreateOrganizationWithDropDownTest -->
