<?xml version="1.0" encoding="UTF-8"?>
<!-- Generated by org.testng.reporters.JUnitReportReporter -->
<testsuite hostname="DESKTOP-07J22P1" failures="0" tests="1" name="practice.testng.AllCreateContacTTest" time="154.520" errors="0" timestamp="2024-05-11T10:50:38 IST" skipped="0">
  <testcase classname="practice.testng.AllCreateContacTTest" name="createContactWithOrganizationTest" time="154.520"/>
  <system-out/>
</testsuite> <!-- practice.testng.AllCreateContacTTest -->
