<?xml version="1.0" encoding="UTF-8"?>
<!-- Generated by org.testng.reporters.JUnitReportReporter -->
<testsuite hostname="DESKTOP-07J22P1" failures="0" tests="3" name="practiceComCast.createOrganizationsTest" time="1099.225" errors="0" timestamp="2024-05-20T20:58:08 IST" skipped="0">
  <testcase classname="practiceComCast.createOrganizationsTest" name="createOrganizationWithDropDownTest" time="207.671"/>
  <testcase classname="practiceComCast.createOrganizationsTest" name="createOrganizationTest" time="585.806"/>
  <testcase classname="practiceComCast.createOrganizationsTest" name="createOrganizationWithPhoneNoTest" time="305.748"/>
</testsuite> <!-- practiceComCast.createOrganizationsTest -->
