<?xml version="1.0" encoding="UTF-8"?>
<!-- Generated by org.testng.reporters.JUnitReportReporter -->
<testsuite hostname="DESKTOP-07J22P1" failures="0" tests="2" name="practice.testng.OrderTest" time="0.251" errors="0" timestamp="2024-05-09T15:53:37 IST" skipped="0">
  <testcase classname="practice.testng.OrderTest" name="createOrderTest" time="0.132"/>
  <system-out/>
  <testcase classname="practice.testng.OrderTest" name="billingAnOderTest" time="0.119"/>
  <system-out/>
</testsuite> <!-- practice.testng.OrderTest -->
