<?xml version="1.0" encoding="UTF-8"?>
<!-- Generated by org.testng.reporters.JUnitReportReporter -->
<testsuite hostname="DESKTOP-07J22P1" failures="0" tests="1" name="com.comcast.crm.basetest.BaseClass" time="0.025" errors="0" timestamp="2024-05-10T17:35:51 IST" skipped="0">
  <testcase classname="com.comcast.crm.basetest.BaseClass" name="test" time="0.025"/>
  <system-out/>
</testsuite> <!-- com.comcast.crm.basetest.BaseClass -->
