<?xml version="1.0" encoding="UTF-8"?>
<!-- Generated by org.testng.reporters.JUnitReportReporter -->
<testsuite hostname="DESKTOP-07J22P1" failures="0" tests="1" name="com.comcast.crm.contacttest.CreateContactTest" time="70.838" errors="0" timestamp="2024-05-17T08:22:36 IST" skipped="0">
  <testcase classname="com.comcast.crm.contacttest.CreateContactTest" name="createContactTest" time="70.838"/>
</testsuite> <!-- com.comcast.crm.contacttest.CreateContactTest -->
