<?xml version="1.0" encoding="UTF-8"?>
<!-- Generated by org.testng.reporters.JUnitReportReporter -->
<testsuite hostname="DESKTOP-07J22P1" failures="0" tests="4" name="practice.testng.AllOrganizationTest" time="231.795" errors="0" timestamp="2024-05-11T10:55:12 IST" skipped="0">
  <testcase classname="practice.testng.AllOrganizationTest" name="createOrganaizationTest" time="56.862"/>
  <system-out/>
  <testcase classname="practice.testng.AllOrganizationTest" name="createOrganizatiionWithDropDownTest" time="55.144"/>
  <system-out/>
  <testcase classname="practice.testng.AllOrganizationTest" name="createOrganizationWithPhoneNoTest" time="57.658"/>
  <system-out/>
  <testcase classname="practice.testng.AllOrganizationTest" name="deleteOrganizationTest" time="62.131"/>
  <system-out/>
</testsuite> <!-- practice.testng.AllOrganizationTest -->
