<?xml version="1.0" encoding="UTF-8"?>
<!-- Generated by org.testng.reporters.JUnitReportReporter -->
<testsuite hostname="DESKTOP-07J22P1" failures="0" tests="2" name="practice.testng.SampleTest" time="0.043" errors="0" timestamp="2024-05-09T12:49:01 IST" skipped="0">
  <testcase classname="practice.testng.SampleTest" name="createcontactTest" time="0.038"/>
  <system-out/>
  <testcase classname="practice.testng.SampleTest" name="createcontactwithmobilenumberTest" time="0.005"/>
  <system-out/>
</testsuite> <!-- practice.testng.SampleTest -->
