<?xml version="1.0" encoding="UTF-8"?>
<!-- Generated by org.testng.reporters.JUnitReportReporter -->
<testsuite hostname="DESKTOP-07J22P1" failures="0" tests="3" name="practice.testng.ContactTest" time="0.193" errors="0" timestamp="2024-05-09T17:51:55 IST" skipped="1">
  <testcase classname="practice.testng.ContactTest" name="modifyContactTest" time="0.163"/>
  <system-out/>
  <testcase classname="practice.testng.ContactTest" name="createContactTest" time="0.030"/>
  <system-out/>
  <testcase classname="practice.testng.ContactTest" name="deleteContactTest">
    <skipped/>
  </testcase> <!-- deleteContactTest -->
  <system-out/>
</testsuite> <!-- practice.testng.ContactTest -->
