<?xml version="1.0" encoding="UTF-8"?>
<!-- Generated by org.testng.reporters.JUnitReportReporter -->
<testsuite hostname="DESKTOP-07J22P1" failures="0" tests="1" name="com.comcasr.crm.orgtest.CreateOrganizationWithDropDownTest" time="28.094" errors="0" timestamp="2024-05-22T21:14:50 IST" skipped="0">
  <testcase classname="com.comcasr.crm.orgtest.CreateOrganizationWithDropDownTest" name="createOrganizationWithDropDownTest" time="28.094"/>
</testsuite> <!-- com.comcasr.crm.orgtest.CreateOrganizationWithDropDownTest -->
