<?xml version="1.0" encoding="UTF-8"?>
<!-- Generated by org.testng.reporters.JUnitReportReporter -->
<testsuite hostname="DESKTOP-07J22P1" failures="0" tests="3" name="practice.testng.CreateContactWithPhoneNumber" time="0.051" errors="0" timestamp="2024-05-10T09:52:38 IST" skipped="0">
  <testcase classname="practice.testng.CreateContactWithPhoneNumber" name="createContactWithPhoneNoTest" time="0.034"/>
  <system-out/>
  <testcase classname="practice.testng.CreateContactWithPhoneNumber" name="createContactWithPhoneNoTest" time="0.010"/>
  <system-out/>
  <testcase classname="practice.testng.CreateContactWithPhoneNumber" name="createContactWithPhoneNoTest" time="0.007"/>
  <system-out/>
</testsuite> <!-- practice.testng.CreateContactWithPhoneNumber -->
