<?xml version="1.0" encoding="UTF-8"?>
<!-- Generated by org.testng.reporters.JUnitReportReporter -->
<testsuite hostname="DESKTOP-07J22P1" failures="0" tests="3" name="practice.testng.CreateContactWithDataProviderTest" time="0.517" errors="0" timestamp="2024-05-09T17:18:51 IST" skipped="0">
  <testcase classname="practice.testng.CreateContactWithDataProviderTest" name="createContactTest" time="0.115"/>
  <system-out/>
  <testcase classname="practice.testng.CreateContactWithDataProviderTest" name="createContactTest" time="0.341"/>
  <system-out/>
  <testcase classname="practice.testng.CreateContactWithDataProviderTest" name="createContactTest" time="0.061"/>
  <system-out/>
</testsuite> <!-- practice.testng.CreateContactWithDataProviderTest -->
